[2026-05-22 01:31:48] OS: linux
[2026-05-22 01:31:48] Rust: rustc 1.95.0 (59807616e 2026-04-14)
[2026-05-22 01:31:48] START tool=build
[2026-05-22 01:31:48] END tool=build duration=0.05s
[2026-05-22 01:31:48] OUTPUT tool=build
[2026-05-22 01:31:48]   stderr:
    Finished `dev` profile [unoptimized + debuginfo] target(s) in 0.03s

[2026-05-22 01:31:48] REPORT generated=quality/build.md
[2026-05-22 01:31:48] START tool=test
[2026-05-22 01:31:48] END tool=test duration=0.04s
[2026-05-22 01:31:48] OUTPUT tool=test
[2026-05-22 01:31:48]   stdout:

running 2 tests
test tests::test_add ... ok
test tests::test_greet ... ok

test result: ok. 2 passed; 0 failed; 0 ignored; 0 measured; 0 filtered out; finished in 0.00s


running 0 tests

test result: ok. 0 passed; 0 failed; 0 ignored; 0 measured; 0 filtered out; finished in 0.00s


[2026-05-22 01:31:48]   stderr:
    Finished `test` profile [unoptimized + debuginfo] target(s) in 0.01s
     Running unittests src/lib.rs (target/debug/deps/hello_lib-37a4e1c384dd451f)
   Doc-tests hello_lib

[2026-05-22 01:31:48] REPORT generated=quality/test.md
[2026-05-22 01:31:48] START tool=clippy
[2026-05-22 01:31:48] END tool=clippy duration=0.07s
[2026-05-22 01:31:48] OUTPUT tool=clippy
[2026-05-22 01:31:48]   stderr:
    Finished `dev` profile [unoptimized + debuginfo] target(s) in 0.03s

[2026-05-22 01:31:48] REPORT generated=quality/clippy.md
[2026-05-22 01:31:48] START tool=fmt
[2026-05-22 01:31:48] END tool=fmt duration=0.05s
[2026-05-22 01:31:48] OUTPUT tool=fmt
[2026-05-22 01:31:48] REPORT generated=quality/fmt.md
