[2026-05-22 01:32:09] OS: linux
[2026-05-22 01:32:09] Rust: rustc 1.95.0 (59807616e 2026-04-14)
[2026-05-22 01:32:09] START tool=build
[2026-05-22 01:32:09] END tool=build duration=0.05s
[2026-05-22 01:32:09] OUTPUT tool=build
[2026-05-22 01:32:09]   stderr:
    Finished `dev` profile [unoptimized + debuginfo] target(s) in 0.03s

[2026-05-22 01:32:09] REPORT generated=quality/build.md
[2026-05-22 01:32:09] START tool=test
[2026-05-22 01:32:09] END tool=test duration=0.06s
[2026-05-22 01:32:09] OUTPUT tool=test
[2026-05-22 01:32:09]   stdout:

running 1 test
test tests::test_add ... ok

test result: ok. 1 passed; 0 failed; 0 ignored; 0 measured; 0 filtered out; finished in 0.00s


running 1 test
test tests::test_greet ... ok

test result: ok. 1 passed; 0 failed; 0 ignored; 0 measured; 0 filtered out; finished in 0.00s


running 0 tests

test result: ok. 0 passed; 0 failed; 0 ignored; 0 measured; 0 filtered out; finished in 0.00s


running 0 tests

test result: ok. 0 passed; 0 failed; 0 ignored; 0 measured; 0 filtered out; finished in 0.00s


[2026-05-22 01:32:09]   stderr:
    Finished `test` profile [unoptimized + debuginfo] target(s) in 0.01s
     Running unittests src/lib.rs (target/debug/deps/adder-6293b2e03c504c82)
     Running unittests src/lib.rs (target/debug/deps/greeter-d169b5da60a33032)
   Doc-tests adder
   Doc-tests greeter

[2026-05-22 01:32:09] REPORT generated=quality/test.md
[2026-05-22 01:32:09] START tool=clippy
[2026-05-22 01:32:10] END tool=clippy duration=0.07s
[2026-05-22 01:32:10] OUTPUT tool=clippy
[2026-05-22 01:32:10]   stderr:
    Finished `dev` profile [unoptimized + debuginfo] target(s) in 0.03s

[2026-05-22 01:32:10] REPORT generated=quality/clippy.md
[2026-05-22 01:32:10] START tool=fmt
[2026-05-22 01:32:10] END tool=fmt duration=0.05s
[2026-05-22 01:32:10] OUTPUT tool=fmt
[2026-05-22 01:32:10] REPORT generated=quality/fmt.md
